{"C:\\Users\\Usuario\\Desktop\\prueba-tecnica-leben\\src\\actions\\authActions.ts": {"path":"C:\\Users\\Usuario\\Desktop\\prueba-tecnica-leben\\src\\actions\\authActions.ts","statementMap":{"0":{"start":{"line":1,"column":0},"end":{"line":1,"column":52}},"1":{"start":{"line":2,"column":0},"end":{"line":2,"column":null}},"2":{"start":{"line":7,"column":13},"end":{"line":21,"column":2}},"3":{"start":{"line":13,"column":4},"end":{"line":19,"column":5}},"4":{"start":{"line":14,"column":43},"end":{"line":14,"column":77}},"5":{"start":{"line":15,"column":6},"end":{"line":15,"column":19}},"6":{"start":{"line":17,"column":6},"end":{"line":17,"column":50}},"7":{"start":{"line":18,"column":6},"end":{"line":18,"column":45}},"8":{"start":{"line":23,"column":13},"end":{"line":43,"column":2}},"9":{"start":{"line":29,"column":4},"end":{"line":41,"column":5}},"10":{"start":{"line":30,"column":6},"end":{"line":30,"column":44}},"11":{"start":{"line":31,"column":6},"end":{"line":31,"column":26}},"12":{"start":{"line":33,"column":6},"end":{"line":33,"column":57}},"13":{"start":{"line":34,"column":6},"end":{"line":40,"column":7}},"14":{"start":{"line":35,"column":8},"end":{"line":35,"column":68}},"15":{"start":{"line":37,"column":8},"end":{"line":39,"column":11}},"16":{"start":{"line":45,"column":13},"end":{"line":55,"column":2}},"17":{"start":{"line":48,"column":4},"end":{"line":53,"column":5}},"18":{"start":{"line":49,"column":6},"end":{"line":49,"column":18}},"19":{"start":{"line":51,"column":6},"end":{"line":51,"column":50}},"20":{"start":{"line":52,"column":6},"end":{"line":52,"column":45}}},"fnMap":{"0":{"name":"(anonymous_0)","decl":{"start":{"line":9,"column":2},"end":{"line":9,"column":7}},"loc":{"start":{"line":12,"column":6},"end":{"line":20,"column":3}}},"1":{"name":"(anonymous_1)","decl":{"start":{"line":25,"column":2},"end":{"line":25,"column":7}},"loc":{"start":{"line":28,"column":6},"end":{"line":42,"column":3}}},"2":{"name":"(anonymous_2)","decl":{"start":{"line":47,"column":2},"end":{"line":47,"column":7}},"loc":{"start":{"line":47,"column":24},"end":{"line":54,"column":3}}}},"branchMap":{"0":{"loc":{"start":{"line":34,"column":6},"end":{"line":40,"column":7}},"type":"if","locations":[{"start":{"line":34,"column":6},"end":{"line":40,"column":7}},{"start":{"line":36,"column":13},"end":{"line":40,"column":7}}]}},"s":{"0":1,"1":1,"2":1,"3":0,"4":0,"5":0,"6":0,"7":0,"8":1,"9":0,"10":0,"11":0,"12":0,"13":0,"14":0,"15":0,"16":1,"17":0,"18":0,"19":0,"20":0},"f":{"0":0,"1":0,"2":0},"b":{"0":[0,0]}}
,"C:\\Users\\Usuario\\Desktop\\prueba-tecnica-leben\\src\\actions\\taskActions.ts": {"path":"C:\\Users\\Usuario\\Desktop\\prueba-tecnica-leben\\src\\actions\\taskActions.ts","statementMap":{"0":{"start":{"line":1,"column":0},"end":{"line":1,"column":52}},"1":{"start":{"line":2,"column":0},"end":{"line":2,"column":null}},"2":{"start":{"line":17,"column":13},"end":{"line":28,"column":2}},"3":{"start":{"line":20,"column":4},"end":{"line":26,"column":5}},"4":{"start":{"line":21,"column":20},"end":{"line":21,"column":39}},"5":{"start":{"line":22,"column":6},"end":{"line":22,"column":19}},"6":{"start":{"line":24,"column":6},"end":{"line":24,"column":51}},"7":{"start":{"line":25,"column":6},"end":{"line":25,"column":45}},"8":{"start":{"line":31,"column":13},"end":{"line":42,"column":2}},"9":{"start":{"line":34,"column":4},"end":{"line":40,"column":5}},"10":{"start":{"line":35,"column":22},"end":{"line":35,"column":48}},"11":{"start":{"line":36,"column":6},"end":{"line":36,"column":21}},"12":{"start":{"line":38,"column":6},"end":{"line":38,"column":49}},"13":{"start":{"line":39,"column":6},"end":{"line":39,"column":45}},"14":{"start":{"line":45,"column":13},"end":{"line":56,"column":2}},"15":{"start":{"line":48,"column":4},"end":{"line":54,"column":5}},"16":{"start":{"line":49,"column":6},"end":{"line":49,"column":34}},"17":{"start":{"line":50,"column":6},"end":{"line":50,"column":20}},"18":{"start":{"line":52,"column":6},"end":{"line":52,"column":51}},"19":{"start":{"line":53,"column":6},"end":{"line":53,"column":45}},"20":{"start":{"line":59,"column":13},"end":{"line":70,"column":2}},"21":{"start":{"line":62,"column":4},"end":{"line":68,"column":5}},"22":{"start":{"line":63,"column":26},"end":{"line":63,"column":55}},"23":{"start":{"line":64,"column":6},"end":{"line":64,"column":25}},"24":{"start":{"line":66,"column":6},"end":{"line":66,"column":51}},"25":{"start":{"line":67,"column":6},"end":{"line":67,"column":45}},"26":{"start":{"line":73,"column":33},"end":{"line":76,"column":2}},"27":{"start":{"line":73,"column":54},"end":{"line":76,"column":2}},"28":{"start":{"line":73,"column":13},"end":{"line":73,"column":33}},"29":{"start":{"line":79,"column":26},"end":{"line":81,"column":2}},"30":{"start":{"line":79,"column":33},"end":{"line":81,"column":2}},"31":{"start":{"line":79,"column":13},"end":{"line":79,"column":26}}},"fnMap":{"0":{"name":"(anonymous_0)","decl":{"start":{"line":19,"column":2},"end":{"line":19,"column":7}},"loc":{"start":{"line":19,"column":24},"end":{"line":27,"column":3}}},"1":{"name":"(anonymous_1)","decl":{"start":{"line":33,"column":2},"end":{"line":33,"column":7}},"loc":{"start":{"line":33,"column":41},"end":{"line":41,"column":3}}},"2":{"name":"(anonymous_2)","decl":{"start":{"line":47,"column":2},"end":{"line":47,"column":7}},"loc":{"start":{"line":47,"column":37},"end":{"line":55,"column":3}}},"3":{"name":"(anonymous_3)","decl":{"start":{"line":61,"column":2},"end":{"line":61,"column":7}},"loc":{"start":{"line":61,"column":41},"end":{"line":69,"column":3}}},"4":{"name":"(anonymous_4)","decl":{"start":{"line":73,"column":33},"end":{"line":73,"column":34}},"loc":{"start":{"line":73,"column":54},"end":{"line":76,"column":2}}},"5":{"name":"(anonymous_5)","decl":{"start":{"line":79,"column":26},"end":{"line":79,"column":29}},"loc":{"start":{"line":79,"column":33},"end":{"line":81,"column":2}}}},"branchMap":{},"s":{"0":1,"1":1,"2":1,"3":0,"4":0,"5":0,"6":0,"7":0,"8":1,"9":0,"10":0,"11":0,"12":0,"13":0,"14":1,"15":0,"16":0,"17":0,"18":0,"19":0,"20":1,"21":0,"22":0,"23":0,"24":0,"25":0,"26":1,"27":0,"28":1,"29":1,"30":0,"31":1},"f":{"0":0,"1":0,"2":0,"3":0,"4":0,"5":0},"b":{}}
,"C:\\Users\\Usuario\\Desktop\\prueba-tecnica-leben\\src\\components\\app\\app.tsx": {"path":"C:\\Users\\Usuario\\Desktop\\prueba-tecnica-leben\\src\\components\\app\\app.tsx","statementMap":{"0":{"start":{"line":1,"column":0},"end":{"line":1,"column":26}},"1":{"start":{"line":2,"column":0},"end":{"line":2,"column":74}},"2":{"start":{"line":3,"column":0},"end":{"line":3,"column":39}},"3":{"start":{"line":4,"column":0},"end":{"line":4,"column":35}},"4":{"start":{"line":6,"column":0},"end":{"line":6,"column":32}},"5":{"start":{"line":7,"column":0},"end":{"line":7,"column":34}},"6":{"start":{"line":8,"column":0},"end":{"line":8,"column":38}},"7":{"start":{"line":9,"column":0},"end":{"line":9,"column":40}},"8":{"start":{"line":11,"column":22},"end":{"line":22,"column":null}},"9":{"start":{"line":12,"column":2},"end":{"line":21,"column":null}},"10":{"start":{"line":25,"column":0},"end":{"line":25,"column":19}}},"fnMap":{"0":{"name":"(anonymous_1)","decl":{"start":{"line":11,"column":22},"end":{"line":11,"column":25}},"loc":{"start":{"line":12,"column":2},"end":{"line":21,"column":null}}}},"branchMap":{},"s":{"0":1,"1":1,"2":1,"3":1,"4":1,"5":1,"6":1,"7":1,"8":1,"9":1,"10":1},"f":{"0":1},"b":{}}
,"C:\\Users\\Usuario\\Desktop\\prueba-tecnica-leben\\src\\components\\auth\\login.tsx": {"path":"C:\\Users\\Usuario\\Desktop\\prueba-tecnica-leben\\src\\components\\auth\\login.tsx","statementMap":{"0":{"start":{"line":1,"column":0},"end":{"line":1,"column":40}},"1":{"start":{"line":2,"column":0},"end":{"line":2,"column":42}},"2":{"start":{"line":4,"column":24},"end":{"line":68,"column":1}},"3":{"start":{"line":5,"column":56},"end":{"line":5,"column":65}},"4":{"start":{"line":6,"column":34},"end":{"line":6,"column":46}},"5":{"start":{"line":7,"column":34},"end":{"line":7,"column":46}},"6":{"start":{"line":8,"column":42},"end":{"line":8,"column":57}},"7":{"start":{"line":9,"column":28},"end":{"line":9,"column":57}},"8":{"start":{"line":11,"column":22},"end":{"line":19,"column":3}},"9":{"start":{"line":12,"column":4},"end":{"line":18,"column":5}},"10":{"start":{"line":13,"column":6},"end":{"line":13,"column":38}},"11":{"start":{"line":14,"column":6},"end":{"line":14,"column":21}},"12":{"start":{"line":16,"column":6},"end":{"line":16,"column":77}},"13":{"start":{"line":17,"column":6},"end":{"line":17,"column":50}},"14":{"start":{"line":21,"column":23},"end":{"line":29,"column":3}},"15":{"start":{"line":22,"column":4},"end":{"line":28,"column":5}},"16":{"start":{"line":23,"column":6},"end":{"line":23,"column":21}},"17":{"start":{"line":24,"column":6},"end":{"line":24,"column":21}},"18":{"start":{"line":26,"column":6},"end":{"line":26,"column":51}},"19":{"start":{"line":27,"column":6},"end":{"line":27,"column":51}},"20":{"start":{"line":31,"column":2},"end":{"line":67,"column":4}},"21":{"start":{"line":35,"column":41},"end":{"line":35,"column":59}},"22":{"start":{"line":42,"column":27},"end":{"line":42,"column":54}},"23":{"start":{"line":51,"column":27},"end":{"line":51,"column":54}},"24":{"start":{"line":57,"column":45},"end":{"line":57,"column":75}},"25":{"start":{"line":70,"column":0},"end":{"line":70,"column":21}}},"fnMap":{"0":{"name":"(anonymous_7)","decl":{"start":{"line":4,"column":24},"end":{"line":4,"column":27}},"loc":{"start":{"line":4,"column":29},"end":{"line":68,"column":1}}},"1":{"name":"(anonymous_8)","decl":{"start":{"line":11,"column":22},"end":{"line":11,"column":27}},"loc":{"start":{"line":11,"column":33},"end":{"line":19,"column":3}}},"2":{"name":"(anonymous_9)","decl":{"start":{"line":21,"column":23},"end":{"line":21,"column":28}},"loc":{"start":{"line":21,"column":34},"end":{"line":29,"column":3}}},"3":{"name":"(anonymous_10)","decl":{"start":{"line":35,"column":34},"end":{"line":35,"column":35}},"loc":{"start":{"line":35,"column":41},"end":{"line":35,"column":59}}},"4":{"name":"(anonymous_11)","decl":{"start":{"line":42,"column":20},"end":{"line":42,"column":21}},"loc":{"start":{"line":42,"column":27},"end":{"line":42,"column":54}}},"5":{"name":"(anonymous_12)","decl":{"start":{"line":51,"column":20},"end":{"line":51,"column":21}},"loc":{"start":{"line":51,"column":27},"end":{"line":51,"column":54}}},"6":{"name":"(anonymous_13)","decl":{"start":{"line":57,"column":39},"end":{"line":57,"column":42}},"loc":{"start":{"line":57,"column":45},"end":{"line":57,"column":75}}}},"branchMap":{"0":{"loc":{"start":{"line":34,"column":7},"end":{"line":34,"column":55}},"type":"binary-expr","locations":[{"start":{"line":34,"column":7},"end":{"line":34,"column":12}},{"start":{"line":34,"column":16},"end":{"line":34,"column":55}}]},"1":{"loc":{"start":{"line":48,"column":16},"end":{"line":48,"column":50}},"type":"cond-expr","locations":[{"start":{"line":48,"column":31},"end":{"line":48,"column":37}},{"start":{"line":48,"column":40},"end":{"line":48,"column":50}}]},"2":{"loc":{"start":{"line":55,"column":11},"end":{"line":55,"column":57}},"type":"cond-expr","locations":[{"start":{"line":55,"column":23},"end":{"line":55,"column":38}},{"start":{"line":55,"column":41},"end":{"line":55,"column":57}}]},"3":{"loc":{"start":{"line":58,"column":11},"end":{"line":58,"column":41}},"type":"cond-expr","locations":[{"start":{"line":58,"column":26},"end":{"line":58,"column":32}},{"start":{"line":58,"column":35},"end":{"line":58,"column":41}}]},"4":{"loc":{"start":{"line":64,"column":7},"end":{"line":64,"column":37}},"type":"binary-expr","locations":[{"start":{"line":64,"column":7},"end":{"line":64,"column":16}},{"start":{"line":64,"column":20},"end":{"line":64,"column":37}}]},"5":{"loc":{"start":{"line":65,"column":7},"end":{"line":65,"column":41}},"type":"binary-expr","locations":[{"start":{"line":65,"column":7},"end":{"line":65,"column":22}},{"start":{"line":65,"column":26},"end":{"line":65,"column":41}}]}},"s":{"0":2,"1":2,"2":2,"3":11,"4":11,"5":10,"6":10,"7":10,"8":10,"9":1,"10":1,"11":0,"12":1,"13":1,"14":10,"15":0,"16":0,"17":0,"18":0,"19":0,"20":10,"21":0,"22":4,"23":4,"24":0,"25":2},"f":{"0":11,"1":1,"2":0,"3":0,"4":4,"5":4,"6":0},"b":{"0":[10,1],"1":[0,10],"2":[0,10],"3":[0,10],"4":[10,0],"5":[10,0]}}
,"C:\\Users\\Usuario\\Desktop\\prueba-tecnica-leben\\src\\components\\auth\\register.tsx": {"path":"C:\\Users\\Usuario\\Desktop\\prueba-tecnica-leben\\src\\components\\auth\\register.tsx","statementMap":{"0":{"start":{"line":1,"column":0},"end":{"line":1,"column":40}},"1":{"start":{"line":2,"column":0},"end":{"line":2,"column":42}},"2":{"start":{"line":4,"column":27},"end":{"line":40,"column":1}},"3":{"start":{"line":5,"column":34},"end":{"line":5,"column":43}},"4":{"start":{"line":6,"column":34},"end":{"line":6,"column":46}},"5":{"start":{"line":7,"column":34},"end":{"line":7,"column":46}},"6":{"start":{"line":9,"column":25},"end":{"line":15,"column":3}},"7":{"start":{"line":10,"column":4},"end":{"line":14,"column":5}},"8":{"start":{"line":11,"column":6},"end":{"line":11,"column":41}},"9":{"start":{"line":13,"column":6},"end":{"line":13,"column":57}},"10":{"start":{"line":17,"column":2},"end":{"line":39,"column":4}},"11":{"start":{"line":25,"column":27},"end":{"line":25,"column":54}},"12":{"start":{"line":31,"column":27},"end":{"line":31,"column":54}},"13":{"start":{"line":42,"column":0},"end":{"line":42,"column":24}}},"fnMap":{"0":{"name":"(anonymous_7)","decl":{"start":{"line":4,"column":27},"end":{"line":4,"column":30}},"loc":{"start":{"line":4,"column":32},"end":{"line":40,"column":1}}},"1":{"name":"(anonymous_8)","decl":{"start":{"line":9,"column":25},"end":{"line":9,"column":30}},"loc":{"start":{"line":9,"column":36},"end":{"line":15,"column":3}}},"2":{"name":"(anonymous_9)","decl":{"start":{"line":25,"column":20},"end":{"line":25,"column":21}},"loc":{"start":{"line":25,"column":27},"end":{"line":25,"column":54}}},"3":{"name":"(anonymous_10)","decl":{"start":{"line":31,"column":20},"end":{"line":31,"column":21}},"loc":{"start":{"line":31,"column":27},"end":{"line":31,"column":54}}}},"branchMap":{"0":{"loc":{"start":{"line":34,"column":11},"end":{"line":34,"column":52}},"type":"cond-expr","locations":[{"start":{"line":34,"column":23},"end":{"line":34,"column":39}},{"start":{"line":34,"column":42},"end":{"line":34,"column":52}}]},"1":{"loc":{"start":{"line":37,"column":7},"end":{"line":37,"column":37}},"type":"binary-expr","locations":[{"start":{"line":37,"column":7},"end":{"line":37,"column":16}},{"start":{"line":37,"column":20},"end":{"line":37,"column":37}}]}},"s":{"0":1,"1":1,"2":1,"3":0,"4":0,"5":0,"6":0,"7":0,"8":0,"9":0,"10":0,"11":0,"12":0,"13":1},"f":{"0":0,"1":0,"2":0,"3":0},"b":{"0":[0,0],"1":[0,0]}}
,"C:\\Users\\Usuario\\Desktop\\prueba-tecnica-leben\\src\\components\\tasks\\taskList.tsx": {"path":"C:\\Users\\Usuario\\Desktop\\prueba-tecnica-leben\\src\\components\\tasks\\taskList.tsx","statementMap":{"0":{"start":{"line":1,"column":0},"end":{"line":1,"column":51}},"1":{"start":{"line":2,"column":0},"end":{"line":2,"column":43}},"2":{"start":{"line":4,"column":24},"end":{"line":83,"column":1}},"3":{"start":{"line":12,"column":6},"end":{"line":12,"column":16}},"4":{"start":{"line":13,"column":42},"end":{"line":13,"column":54}},"5":{"start":{"line":15,"column":2},"end":{"line":17,"column":19}},"6":{"start":{"line":16,"column":4},"end":{"line":16,"column":17}},"7":{"start":{"line":19,"column":24},"end":{"line":26,"column":3}},"8":{"start":{"line":20,"column":4},"end":{"line":25,"column":5}},"9":{"start":{"line":21,"column":6},"end":{"line":21,"column":48}},"10":{"start":{"line":22,"column":6},"end":{"line":22,"column":26}},"11":{"start":{"line":24,"column":6},"end":{"line":24,"column":49}},"12":{"start":{"line":28,"column":27},"end":{"line":34,"column":3}},"13":{"start":{"line":29,"column":4},"end":{"line":33,"column":5}},"14":{"start":{"line":30,"column":6},"end":{"line":30,"column":31}},"15":{"start":{"line":32,"column":6},"end":{"line":32,"column":51}},"16":{"start":{"line":36,"column":27},"end":{"line":46,"column":3}},"17":{"start":{"line":41,"column":4},"end":{"line":45,"column":5}},"18":{"start":{"line":42,"column":6},"end":{"line":42,"column":62}},"19":{"start":{"line":44,"column":6},"end":{"line":44,"column":51}},"20":{"start":{"line":48,"column":2},"end":{"line":82,"column":4}},"21":{"start":{"line":55,"column":25},"end":{"line":55,"column":56}},"22":{"start":{"line":63,"column":10},"end":{"line":77,"column":null}},"23":{"start":{"line":67,"column":16},"end":{"line":67,"column":68}},"24":{"start":{"line":73,"column":29},"end":{"line":73,"column":79}},"25":{"start":{"line":77,"column":35},"end":{"line":77,"column":60}},"26":{"start":{"line":85,"column":0},"end":{"line":85,"column":21}}},"fnMap":{"0":{"name":"(anonymous_7)","decl":{"start":{"line":4,"column":24},"end":{"line":4,"column":27}},"loc":{"start":{"line":4,"column":29},"end":{"line":83,"column":1}}},"1":{"name":"(anonymous_8)","decl":{"start":{"line":15,"column":12},"end":{"line":15,"column":15}},"loc":{"start":{"line":15,"column":17},"end":{"line":17,"column":3}}},"2":{"name":"(anonymous_9)","decl":{"start":{"line":19,"column":24},"end":{"line":19,"column":29}},"loc":{"start":{"line":19,"column":35},"end":{"line":26,"column":3}}},"3":{"name":"(anonymous_10)","decl":{"start":{"line":28,"column":27},"end":{"line":28,"column":32}},"loc":{"start":{"line":28,"column":52},"end":{"line":34,"column":3}}},"4":{"name":"(anonymous_11)","decl":{"start":{"line":36,"column":27},"end":{"line":36,"column":32}},"loc":{"start":{"line":40,"column":6},"end":{"line":46,"column":3}}},"5":{"name":"(anonymous_12)","decl":{"start":{"line":55,"column":18},"end":{"line":55,"column":19}},"loc":{"start":{"line":55,"column":25},"end":{"line":55,"column":56}}},"6":{"name":"(anonymous_13)","decl":{"start":{"line":62,"column":19},"end":{"line":62,"column":20}},"loc":{"start":{"line":63,"column":10},"end":{"line":77,"column":null}}},"7":{"name":"(anonymous_14)","decl":{"start":{"line":66,"column":23},"end":{"line":66,"column":26}},"loc":{"start":{"line":67,"column":16},"end":{"line":67,"column":68}}},"8":{"name":"(anonymous_15)","decl":{"start":{"line":73,"column":23},"end":{"line":73,"column":26}},"loc":{"start":{"line":73,"column":29},"end":{"line":73,"column":79}}},"9":{"name":"(anonymous_16)","decl":{"start":{"line":77,"column":29},"end":{"line":77,"column":32}},"loc":{"start":{"line":77,"column":35},"end":{"line":77,"column":60}}}},"branchMap":{"0":{"loc":{"start":{"line":60,"column":7},"end":{"line":60,"column":35}},"type":"binary-expr","locations":[{"start":{"line":60,"column":7},"end":{"line":60,"column":14}},{"start":{"line":60,"column":18},"end":{"line":60,"column":35}}]}},"s":{"0":1,"1":1,"2":1,"3":0,"4":0,"5":0,"6":0,"7":0,"8":0,"9":0,"10":0,"11":0,"12":0,"13":0,"14":0,"15":0,"16":0,"17":0,"18":0,"19":0,"20":0,"21":0,"22":0,"23":0,"24":0,"25":0,"26":1},"f":{"0":0,"1":0,"2":0,"3":0,"4":0,"5":0,"6":0,"7":0,"8":0,"9":0},"b":{"0":[0,0]}}
,"C:\\Users\\Usuario\\Desktop\\prueba-tecnica-leben\\src\\hooks\\hook.ts": {"path":"C:\\Users\\Usuario\\Desktop\\prueba-tecnica-leben\\src\\hooks\\hook.ts","statementMap":{"0":{"start":{"line":1,"column":0},"end":{"line":1,"column":77}},"1":{"start":{"line":4,"column":13},"end":{"line":4,"column":61}},"2":{"start":{"line":5,"column":13},"end":{"line":5,"column":75}}},"fnMap":{},"branchMap":{},"s":{"0":1,"1":1,"2":1},"f":{},"b":{}}
,"C:\\Users\\Usuario\\Desktop\\prueba-tecnica-leben\\src\\hooks\\useAuth.ts": {"path":"C:\\Users\\Usuario\\Desktop\\prueba-tecnica-leben\\src\\hooks\\useAuth.ts","statementMap":{"0":{"start":{"line":1,"column":0},"end":{"line":1,"column":56}},"1":{"start":{"line":3,"column":0},"end":{"line":3,"column":77}},"2":{"start":{"line":5,"column":16},"end":{"line":46,"column":1}},"3":{"start":{"line":6,"column":19},"end":{"line":6,"column":35}},"4":{"start":{"line":7,"column":48},"end":{"line":8,"column":null}},"5":{"start":{"line":8,"column":26},"end":{"line":8,"column":36}},"6":{"start":{"line":11,"column":16},"end":{"line":18,"column":3}},"7":{"start":{"line":12,"column":4},"end":{"line":17,"column":5}},"8":{"start":{"line":13,"column":6},"end":{"line":13,"column":56}},"9":{"start":{"line":15,"column":6},"end":{"line":15,"column":49}},"10":{"start":{"line":16,"column":6},"end":{"line":16,"column":18}},"11":{"start":{"line":20,"column":19},"end":{"line":27,"column":3}},"12":{"start":{"line":21,"column":4},"end":{"line":26,"column":5}},"13":{"start":{"line":22,"column":6},"end":{"line":22,"column":59}},"14":{"start":{"line":24,"column":6},"end":{"line":24,"column":56}},"15":{"start":{"line":25,"column":6},"end":{"line":25,"column":18}},"16":{"start":{"line":29,"column":17},"end":{"line":36,"column":3}},"17":{"start":{"line":30,"column":4},"end":{"line":35,"column":5}},"18":{"start":{"line":31,"column":6},"end":{"line":31,"column":35}},"19":{"start":{"line":33,"column":6},"end":{"line":33,"column":50}},"20":{"start":{"line":34,"column":6},"end":{"line":34,"column":18}},"21":{"start":{"line":38,"column":2},"end":{"line":45,"column":4}},"22":{"start":{"line":48,"column":0},"end":{"line":48,"column":23}}},"fnMap":{"0":{"name":"(anonymous_0)","decl":{"start":{"line":5,"column":16},"end":{"line":5,"column":19}},"loc":{"start":{"line":5,"column":21},"end":{"line":46,"column":1}}},"1":{"name":"(anonymous_1)","decl":{"start":{"line":8,"column":4},"end":{"line":8,"column":5}},"loc":{"start":{"line":8,"column":26},"end":{"line":8,"column":36}}},"2":{"name":"(anonymous_2)","decl":{"start":{"line":11,"column":16},"end":{"line":11,"column":21}},"loc":{"start":{"line":11,"column":61},"end":{"line":18,"column":3}}},"3":{"name":"(anonymous_3)","decl":{"start":{"line":20,"column":19},"end":{"line":20,"column":24}},"loc":{"start":{"line":20,"column":64},"end":{"line":27,"column":3}}},"4":{"name":"(anonymous_4)","decl":{"start":{"line":29,"column":17},"end":{"line":29,"column":22}},"loc":{"start":{"line":29,"column":28},"end":{"line":36,"column":3}}}},"branchMap":{},"s":{"0":1,"1":1,"2":1,"3":0,"4":0,"5":0,"6":0,"7":0,"8":0,"9":0,"10":0,"11":0,"12":0,"13":0,"14":0,"15":0,"16":0,"17":0,"18":0,"19":0,"20":0,"21":0,"22":1},"f":{"0":0,"1":0,"2":0,"3":0,"4":0},"b":{}}
,"C:\\Users\\Usuario\\Desktop\\prueba-tecnica-leben\\src\\hooks\\useTask.ts": {"path":"C:\\Users\\Usuario\\Desktop\\prueba-tecnica-leben\\src\\hooks\\useTask.ts","statementMap":{"0":{"start":{"line":1,"column":0},"end":{"line":1,"column":56}},"1":{"start":{"line":3,"column":0},"end":{"line":3,"column":null}},"2":{"start":{"line":10,"column":17},"end":{"line":54,"column":1}},"3":{"start":{"line":11,"column":19},"end":{"line":11,"column":35}},"4":{"start":{"line":12,"column":29},"end":{"line":12,"column":78}},"5":{"start":{"line":12,"column":66},"end":{"line":12,"column":77}},"6":{"start":{"line":14,"column":21},"end":{"line":20,"column":3}},"7":{"start":{"line":15,"column":4},"end":{"line":19,"column":5}},"8":{"start":{"line":16,"column":6},"end":{"line":16,"column":33}},"9":{"start":{"line":18,"column":6},"end":{"line":18,"column":52}},"10":{"start":{"line":22,"column":21},"end":{"line":28,"column":3}},"11":{"start":{"line":23,"column":4},"end":{"line":27,"column":5}},"12":{"start":{"line":24,"column":6},"end":{"line":24,"column":40}},"13":{"start":{"line":26,"column":6},"end":{"line":26,"column":49}},"14":{"start":{"line":30,"column":21},"end":{"line":36,"column":3}},"15":{"start":{"line":31,"column":4},"end":{"line":35,"column":5}},"16":{"start":{"line":32,"column":6},"end":{"line":32,"column":41}},"17":{"start":{"line":34,"column":6},"end":{"line":34,"column":51}},"18":{"start":{"line":38,"column":29},"end":{"line":44,"column":3}},"19":{"start":{"line":39,"column":4},"end":{"line":43,"column":5}},"20":{"start":{"line":40,"column":6},"end":{"line":40,"column":43}},"21":{"start":{"line":42,"column":6},"end":{"line":42,"column":51}},"22":{"start":{"line":46,"column":2},"end":{"line":53,"column":4}},"23":{"start":{"line":56,"column":0},"end":{"line":56,"column":24}}},"fnMap":{"0":{"name":"(anonymous_0)","decl":{"start":{"line":10,"column":17},"end":{"line":10,"column":20}},"loc":{"start":{"line":10,"column":22},"end":{"line":54,"column":1}}},"1":{"name":"(anonymous_1)","decl":{"start":{"line":12,"column":44},"end":{"line":12,"column":45}},"loc":{"start":{"line":12,"column":66},"end":{"line":12,"column":77}}},"2":{"name":"(anonymous_2)","decl":{"start":{"line":14,"column":21},"end":{"line":14,"column":26}},"loc":{"start":{"line":14,"column":32},"end":{"line":20,"column":3}}},"3":{"name":"(anonymous_3)","decl":{"start":{"line":22,"column":21},"end":{"line":22,"column":26}},"loc":{"start":{"line":22,"column":45},"end":{"line":28,"column":3}}},"4":{"name":"(anonymous_4)","decl":{"start":{"line":30,"column":21},"end":{"line":30,"column":26}},"loc":{"start":{"line":30,"column":46},"end":{"line":36,"column":3}}},"5":{"name":"(anonymous_5)","decl":{"start":{"line":38,"column":29},"end":{"line":38,"column":34}},"loc":{"start":{"line":38,"column":53},"end":{"line":44,"column":3}}}},"branchMap":{},"s":{"0":1,"1":1,"2":1,"3":0,"4":0,"5":0,"6":0,"7":0,"8":0,"9":0,"10":0,"11":0,"12":0,"13":0,"14":0,"15":0,"16":0,"17":0,"18":0,"19":0,"20":0,"21":0,"22":0,"23":1},"f":{"0":0,"1":0,"2":0,"3":0,"4":0,"5":0},"b":{}}
,"C:\\Users\\Usuario\\Desktop\\prueba-tecnica-leben\\src\\pages\\error-page.tsx": {"path":"C:\\Users\\Usuario\\Desktop\\prueba-tecnica-leben\\src\\pages\\error-page.tsx","statementMap":{"0":{"start":{"line":1,"column":0},"end":{"line":1,"column":26}},"1":{"start":{"line":3,"column":18},"end":{"line":7,"column":null}},"2":{"start":{"line":4,"column":2},"end":{"line":6,"column":null}},"3":{"start":{"line":10,"column":0},"end":{"line":10,"column":25}}},"fnMap":{"0":{"name":"(anonymous_1)","decl":{"start":{"line":3,"column":18},"end":{"line":3,"column":21}},"loc":{"start":{"line":4,"column":2},"end":{"line":6,"column":null}}}},"branchMap":{},"s":{"0":1,"1":1,"2":1,"3":1},"f":{"0":1},"b":{}}
,"C:\\Users\\Usuario\\Desktop\\prueba-tecnica-leben\\src\\reducers\\authReducer.ts": {"path":"C:\\Users\\Usuario\\Desktop\\prueba-tecnica-leben\\src\\reducers\\authReducer.ts","statementMap":{"0":{"start":{"line":9,"column":32},"end":{"line":13,"column":2}},"1":{"start":{"line":15,"column":20},"end":{"line":31,"column":1}},"2":{"start":{"line":16,"column":2},"end":{"line":30,"column":3}},"3":{"start":{"line":18,"column":6},"end":{"line":22,"column":8}},"4":{"start":{"line":24,"column":6},"end":{"line":27,"column":8}},"5":{"start":{"line":29,"column":6},"end":{"line":29,"column":19}},"6":{"start":{"line":33,"column":0},"end":{"line":33,"column":27}}},"fnMap":{"0":{"name":"(anonymous_0)","decl":{"start":{"line":15,"column":20},"end":{"line":15,"column":21}},"loc":{"start":{"line":15,"column":75},"end":{"line":31,"column":1}}}},"branchMap":{"0":{"loc":{"start":{"line":15,"column":21},"end":{"line":15,"column":41}},"type":"default-arg","locations":[{"start":{"line":15,"column":29},"end":{"line":15,"column":41}}]},"1":{"loc":{"start":{"line":16,"column":2},"end":{"line":30,"column":3}},"type":"switch","locations":[{"start":{"line":17,"column":4},"end":{"line":22,"column":8}},{"start":{"line":23,"column":4},"end":{"line":27,"column":8}},{"start":{"line":28,"column":4},"end":{"line":29,"column":19}}]}},"s":{"0":3,"1":3,"2":9,"3":0,"4":0,"5":9,"6":3},"f":{"0":9},"b":{"0":[9],"1":[0,0,9]}}
,"C:\\Users\\Usuario\\Desktop\\prueba-tecnica-leben\\src\\reducers\\taskReducer.ts": {"path":"C:\\Users\\Usuario\\Desktop\\prueba-tecnica-leben\\src\\reducers\\taskReducer.ts","statementMap":{"0":{"start":{"line":6,"column":32},"end":{"line":9,"column":2}},"1":{"start":{"line":11,"column":20},"end":{"line":44,"column":1}},"2":{"start":{"line":12,"column":2},"end":{"line":43,"column":3}},"3":{"start":{"line":14,"column":6},"end":{"line":17,"column":8}},"4":{"start":{"line":19,"column":6},"end":{"line":23,"column":8}},"5":{"start":{"line":25,"column":6},"end":{"line":28,"column":8}},"6":{"start":{"line":30,"column":6},"end":{"line":33,"column":8}},"7":{"start":{"line":32,"column":44},"end":{"line":32,"column":70}},"8":{"start":{"line":35,"column":6},"end":{"line":40,"column":8}},"9":{"start":{"line":38,"column":10},"end":{"line":38,"column":63}},"10":{"start":{"line":42,"column":6},"end":{"line":42,"column":19}},"11":{"start":{"line":46,"column":0},"end":{"line":46,"column":27}}},"fnMap":{"0":{"name":"(anonymous_0)","decl":{"start":{"line":11,"column":20},"end":{"line":11,"column":21}},"loc":{"start":{"line":11,"column":69},"end":{"line":44,"column":1}}},"1":{"name":"(anonymous_1)","decl":{"start":{"line":32,"column":34},"end":{"line":32,"column":35}},"loc":{"start":{"line":32,"column":44},"end":{"line":32,"column":70}}},"2":{"name":"(anonymous_2)","decl":{"start":{"line":37,"column":31},"end":{"line":37,"column":32}},"loc":{"start":{"line":38,"column":10},"end":{"line":38,"column":63}}}},"branchMap":{"0":{"loc":{"start":{"line":11,"column":21},"end":{"line":11,"column":41}},"type":"default-arg","locations":[{"start":{"line":11,"column":29},"end":{"line":11,"column":41}}]},"1":{"loc":{"start":{"line":12,"column":2},"end":{"line":43,"column":3}},"type":"switch","locations":[{"start":{"line":13,"column":4},"end":{"line":17,"column":8}},{"start":{"line":18,"column":4},"end":{"line":23,"column":8}},{"start":{"line":24,"column":4},"end":{"line":28,"column":8}},{"start":{"line":29,"column":4},"end":{"line":33,"column":8}},{"start":{"line":34,"column":4},"end":{"line":40,"column":8}},{"start":{"line":41,"column":4},"end":{"line":42,"column":19}}]},"2":{"loc":{"start":{"line":38,"column":10},"end":{"line":38,"column":63}},"type":"cond-expr","locations":[{"start":{"line":38,"column":42},"end":{"line":38,"column":56}},{"start":{"line":38,"column":59},"end":{"line":38,"column":63}}]}},"s":{"0":3,"1":3,"2":9,"3":0,"4":0,"5":0,"6":0,"7":0,"8":0,"9":0,"10":9,"11":3},"f":{"0":9,"1":0,"2":0},"b":{"0":[9],"1":[0,0,0,0,0,9],"2":[0,0]}}
,"C:\\Users\\Usuario\\Desktop\\prueba-tecnica-leben\\src\\services\\authService.ts": {"path":"C:\\Users\\Usuario\\Desktop\\prueba-tecnica-leben\\src\\services\\authService.ts","statementMap":{"0":{"start":{"line":1,"column":0},"end":{"line":1,"column":42}},"1":{"start":{"line":8,"column":21},"end":{"line":19,"column":1}},"2":{"start":{"line":12,"column":2},"end":{"line":18,"column":3}},"3":{"start":{"line":13,"column":21},"end":{"line":13,"column":79}},"4":{"start":{"line":14,"column":4},"end":{"line":14,"column":25}},"5":{"start":{"line":16,"column":4},"end":{"line":16,"column":44}},"6":{"start":{"line":17,"column":4},"end":{"line":17,"column":55}},"7":{"start":{"line":8,"column":13},"end":{"line":8,"column":21}},"8":{"start":{"line":21,"column":24},"end":{"line":35,"column":1}},"9":{"start":{"line":25,"column":2},"end":{"line":34,"column":3}},"10":{"start":{"line":26,"column":21},"end":{"line":29,"column":6}},"11":{"start":{"line":30,"column":4},"end":{"line":30,"column":25}},"12":{"start":{"line":32,"column":4},"end":{"line":32,"column":45}},"13":{"start":{"line":33,"column":4},"end":{"line":33,"column":55}},"14":{"start":{"line":21,"column":13},"end":{"line":21,"column":24}},"15":{"start":{"line":37,"column":22},"end":{"line":44,"column":1}},"16":{"start":{"line":38,"column":2},"end":{"line":43,"column":3}},"17":{"start":{"line":39,"column":4},"end":{"line":39,"column":40}},"18":{"start":{"line":41,"column":4},"end":{"line":41,"column":45}},"19":{"start":{"line":42,"column":4},"end":{"line":42,"column":56}},"20":{"start":{"line":37,"column":13},"end":{"line":37,"column":22}}},"fnMap":{"0":{"name":"(anonymous_1)","decl":{"start":{"line":8,"column":21},"end":{"line":8,"column":26}},"loc":{"start":{"line":11,"column":19},"end":{"line":19,"column":1}}},"1":{"name":"(anonymous_2)","decl":{"start":{"line":21,"column":24},"end":{"line":21,"column":29}},"loc":{"start":{"line":24,"column":19},"end":{"line":35,"column":1}}},"2":{"name":"(anonymous_3)","decl":{"start":{"line":37,"column":22},"end":{"line":37,"column":27}},"loc":{"start":{"line":37,"column":48},"end":{"line":44,"column":1}}}},"branchMap":{},"s":{"0":1,"1":1,"2":0,"3":0,"4":0,"5":0,"6":0,"7":1,"8":1,"9":0,"10":0,"11":0,"12":0,"13":0,"14":1,"15":1,"16":0,"17":0,"18":0,"19":0,"20":1},"f":{"0":0,"1":0,"2":0},"b":{}}
,"C:\\Users\\Usuario\\Desktop\\prueba-tecnica-leben\\src\\services\\axiosConfig.ts": {"path":"C:\\Users\\Usuario\\Desktop\\prueba-tecnica-leben\\src\\services\\axiosConfig.ts","statementMap":{"0":{"start":{"line":1,"column":0},"end":{"line":1,"column":26}},"1":{"start":{"line":3,"column":17},"end":{"line":8,"column":2}},"2":{"start":{"line":10,"column":0},"end":{"line":10,"column":24}}},"fnMap":{},"branchMap":{},"s":{"0":1,"1":1,"2":1},"f":{},"b":{}}
,"C:\\Users\\Usuario\\Desktop\\prueba-tecnica-leben\\src\\services\\taskService.ts": {"path":"C:\\Users\\Usuario\\Desktop\\prueba-tecnica-leben\\src\\services\\taskService.ts","statementMap":{"0":{"start":{"line":1,"column":0},"end":{"line":1,"column":42}},"1":{"start":{"line":3,"column":24},"end":{"line":11,"column":1}},"2":{"start":{"line":4,"column":2},"end":{"line":10,"column":3}},"3":{"start":{"line":5,"column":21},"end":{"line":5,"column":59}},"4":{"start":{"line":6,"column":4},"end":{"line":6,"column":25}},"5":{"start":{"line":8,"column":4},"end":{"line":8,"column":50}},"6":{"start":{"line":9,"column":4},"end":{"line":9,"column":16}},"7":{"start":{"line":3,"column":13},"end":{"line":3,"column":24}},"8":{"start":{"line":13,"column":23},"end":{"line":21,"column":1}},"9":{"start":{"line":14,"column":2},"end":{"line":20,"column":3}},"10":{"start":{"line":15,"column":21},"end":{"line":15,"column":70}},"11":{"start":{"line":16,"column":4},"end":{"line":16,"column":25}},"12":{"start":{"line":18,"column":4},"end":{"line":18,"column":47}},"13":{"start":{"line":19,"column":4},"end":{"line":19,"column":16}},"14":{"start":{"line":13,"column":13},"end":{"line":13,"column":23}},"15":{"start":{"line":23,"column":26},"end":{"line":31,"column":1}},"16":{"start":{"line":24,"column":2},"end":{"line":30,"column":3}},"17":{"start":{"line":25,"column":21},"end":{"line":25,"column":72}},"18":{"start":{"line":26,"column":4},"end":{"line":26,"column":25}},"19":{"start":{"line":28,"column":4},"end":{"line":28,"column":67}},"20":{"start":{"line":29,"column":4},"end":{"line":29,"column":16}},"21":{"start":{"line":23,"column":13},"end":{"line":23,"column":26}},"22":{"start":{"line":33,"column":26},"end":{"line":44,"column":1}},"23":{"start":{"line":34,"column":2},"end":{"line":43,"column":3}},"24":{"start":{"line":35,"column":21},"end":{"line":37,"column":null}},"25":{"start":{"line":39,"column":4},"end":{"line":39,"column":25}},"26":{"start":{"line":41,"column":4},"end":{"line":41,"column":72}},"27":{"start":{"line":42,"column":4},"end":{"line":42,"column":16}},"28":{"start":{"line":33,"column":13},"end":{"line":33,"column":26}}},"fnMap":{"0":{"name":"(anonymous_1)","decl":{"start":{"line":3,"column":24},"end":{"line":3,"column":29}},"loc":{"start":{"line":3,"column":35},"end":{"line":11,"column":1}}},"1":{"name":"(anonymous_2)","decl":{"start":{"line":13,"column":23},"end":{"line":13,"column":28}},"loc":{"start":{"line":13,"column":47},"end":{"line":21,"column":1}}},"2":{"name":"(anonymous_3)","decl":{"start":{"line":23,"column":26},"end":{"line":23,"column":31}},"loc":{"start":{"line":23,"column":51},"end":{"line":31,"column":1}}},"3":{"name":"(anonymous_4)","decl":{"start":{"line":33,"column":26},"end":{"line":33,"column":31}},"loc":{"start":{"line":33,"column":50},"end":{"line":44,"column":1}}}},"branchMap":{},"s":{"0":1,"1":1,"2":0,"3":0,"4":0,"5":0,"6":0,"7":1,"8":1,"9":0,"10":0,"11":0,"12":0,"13":0,"14":1,"15":1,"16":0,"17":0,"18":0,"19":0,"20":0,"21":1,"22":1,"23":0,"24":0,"25":0,"26":0,"27":0,"28":1},"f":{"0":0,"1":0,"2":0,"3":0},"b":{}}
,"C:\\Users\\Usuario\\Desktop\\prueba-tecnica-leben\\src\\store\\index.ts": {"path":"C:\\Users\\Usuario\\Desktop\\prueba-tecnica-leben\\src\\store\\index.ts","statementMap":{"0":{"start":{"line":1,"column":0},"end":{"line":1,"column":50}},"1":{"start":{"line":2,"column":0},"end":{"line":2,"column":50}},"2":{"start":{"line":3,"column":0},"end":{"line":3,"column":50}},"3":{"start":{"line":5,"column":14},"end":{"line":11,"column":2}},"4":{"start":{"line":10,"column":40},"end":{"line":10,"column":71}},"5":{"start":{"line":16,"column":0},"end":{"line":16,"column":21}}},"fnMap":{"0":{"name":"(anonymous_1)","decl":{"start":{"line":10,"column":14},"end":{"line":10,"column":15}},"loc":{"start":{"line":10,"column":40},"end":{"line":10,"column":71}}}},"branchMap":{},"s":{"0":3,"1":3,"2":3,"3":3,"4":3,"5":3},"f":{"0":3},"b":{}}
}
