TN:
SF:src\actions\authActions.ts
FN:9,(anonymous_0)
FN:25,(anonymous_1)
FN:47,(anonymous_2)
FNF:3
FNH:0
FNDA:0,(anonymous_0)
FNDA:0,(anonymous_1)
FNDA:0,(anonymous_2)
DA:1,1
DA:2,1
DA:7,1
DA:13,0
DA:14,0
DA:15,0
DA:17,0
DA:18,0
DA:23,1
DA:29,0
DA:30,0
DA:31,0
DA:33,0
DA:34,0
DA:35,0
DA:37,0
DA:45,1
DA:48,0
DA:49,0
DA:51,0
DA:52,0
LF:21
LH:5
BRDA:34,0,0,0
BRDA:34,0,1,0
BRF:2
BRH:0
end_of_record
TN:
SF:src\actions\taskActions.ts
FN:19,(anonymous_0)
FN:33,(anonymous_1)
FN:47,(anonymous_2)
FN:61,(anonymous_3)
FN:73,(anonymous_4)
FN:79,(anonymous_5)
FNF:6
FNH:0
FNDA:0,(anonymous_0)
FNDA:0,(anonymous_1)
FNDA:0,(anonymous_2)
FNDA:0,(anonymous_3)
FNDA:0,(anonymous_4)
FNDA:0,(anonymous_5)
DA:1,1
DA:2,1
DA:17,1
DA:20,0
DA:21,0
DA:22,0
DA:24,0
DA:25,0
DA:31,1
DA:34,0
DA:35,0
DA:36,0
DA:38,0
DA:39,0
DA:45,1
DA:48,0
DA:49,0
DA:50,0
DA:52,0
DA:53,0
DA:59,1
DA:62,0
DA:63,0
DA:64,0
DA:66,0
DA:67,0
DA:73,1
DA:79,1
LF:28
LH:8
BRF:0
BRH:0
end_of_record
TN:
SF:src\components\app\app.tsx
FN:11,(anonymous_1)
FNF:1
FNH:1
FNDA:1,(anonymous_1)
DA:1,1
DA:2,1
DA:3,1
DA:4,1
DA:6,1
DA:7,1
DA:8,1
DA:9,1
DA:11,1
DA:12,1
DA:25,1
LF:11
LH:11
BRF:0
BRH:0
end_of_record
TN:
SF:src\components\auth\login.tsx
FN:4,(anonymous_7)
FN:11,(anonymous_8)
FN:21,(anonymous_9)
FN:35,(anonymous_10)
FN:42,(anonymous_11)
FN:51,(anonymous_12)
FN:57,(anonymous_13)
FNF:7
FNH:4
FNDA:11,(anonymous_7)
FNDA:1,(anonymous_8)
FNDA:0,(anonymous_9)
FNDA:0,(anonymous_10)
FNDA:4,(anonymous_11)
FNDA:4,(anonymous_12)
FNDA:0,(anonymous_13)
DA:1,2
DA:2,2
DA:4,2
DA:5,11
DA:6,11
DA:7,10
DA:8,10
DA:9,10
DA:11,10
DA:12,1
DA:13,1
DA:14,0
DA:16,1
DA:17,1
DA:21,10
DA:22,0
DA:23,0
DA:24,0
DA:26,0
DA:27,0
DA:31,10
DA:35,0
DA:42,4
DA:51,4
DA:57,0
DA:70,2
LF:26
LH:18
BRDA:34,0,0,10
BRDA:34,0,1,1
BRDA:48,1,0,0
BRDA:48,1,1,10
BRDA:55,2,0,0
BRDA:55,2,1,10
BRDA:58,3,0,0
BRDA:58,3,1,10
BRDA:64,4,0,10
BRDA:64,4,1,0
BRDA:65,5,0,10
BRDA:65,5,1,0
BRF:12
BRH:7
end_of_record
TN:
SF:src\components\auth\register.tsx
FN:4,(anonymous_7)
FN:9,(anonymous_8)
FN:25,(anonymous_9)
FN:31,(anonymous_10)
FNF:4
FNH:0
FNDA:0,(anonymous_7)
FNDA:0,(anonymous_8)
FNDA:0,(anonymous_9)
FNDA:0,(anonymous_10)
DA:1,1
DA:2,1
DA:4,1
DA:5,0
DA:6,0
DA:7,0
DA:9,0
DA:10,0
DA:11,0
DA:13,0
DA:17,0
DA:25,0
DA:31,0
DA:42,1
LF:14
LH:4
BRDA:34,0,0,0
BRDA:34,0,1,0
BRDA:37,1,0,0
BRDA:37,1,1,0
BRF:4
BRH:0
end_of_record
TN:
SF:src\components\tasks\taskList.tsx
FN:4,(anonymous_7)
FN:15,(anonymous_8)
FN:19,(anonymous_9)
FN:28,(anonymous_10)
FN:36,(anonymous_11)
FN:55,(anonymous_12)
FN:62,(anonymous_13)
FN:66,(anonymous_14)
FN:73,(anonymous_15)
FN:77,(anonymous_16)
FNF:10
FNH:0
FNDA:0,(anonymous_7)
FNDA:0,(anonymous_8)
FNDA:0,(anonymous_9)
FNDA:0,(anonymous_10)
FNDA:0,(anonymous_11)
FNDA:0,(anonymous_12)
FNDA:0,(anonymous_13)
FNDA:0,(anonymous_14)
FNDA:0,(anonymous_15)
FNDA:0,(anonymous_16)
DA:1,1
DA:2,1
DA:4,1
DA:12,0
DA:13,0
DA:15,0
DA:16,0
DA:19,0
DA:20,0
DA:21,0
DA:22,0
DA:24,0
DA:28,0
DA:29,0
DA:30,0
DA:32,0
DA:36,0
DA:41,0
DA:42,0
DA:44,0
DA:48,0
DA:55,0
DA:63,0
DA:67,0
DA:73,0
DA:77,0
DA:85,1
LF:27
LH:4
BRDA:60,0,0,0
BRDA:60,0,1,0
BRF:2
BRH:0
end_of_record
TN:
SF:src\hooks\hook.ts
FNF:0
FNH:0
DA:1,1
DA:4,1
DA:5,1
LF:3
LH:3
BRF:0
BRH:0
end_of_record
TN:
SF:src\hooks\useAuth.ts
FN:5,(anonymous_0)
FN:8,(anonymous_1)
FN:11,(anonymous_2)
FN:20,(anonymous_3)
FN:29,(anonymous_4)
FNF:5
FNH:0
FNDA:0,(anonymous_0)
FNDA:0,(anonymous_1)
FNDA:0,(anonymous_2)
FNDA:0,(anonymous_3)
FNDA:0,(anonymous_4)
DA:1,1
DA:3,1
DA:5,1
DA:6,0
DA:7,0
DA:8,0
DA:11,0
DA:12,0
DA:13,0
DA:15,0
DA:16,0
DA:20,0
DA:21,0
DA:22,0
DA:24,0
DA:25,0
DA:29,0
DA:30,0
DA:31,0
DA:33,0
DA:34,0
DA:38,0
DA:48,1
LF:23
LH:4
BRF:0
BRH:0
end_of_record
TN:
SF:src\hooks\useTask.ts
FN:10,(anonymous_0)
FN:12,(anonymous_1)
FN:14,(anonymous_2)
FN:22,(anonymous_3)
FN:30,(anonymous_4)
FN:38,(anonymous_5)
FNF:6
FNH:0
FNDA:0,(anonymous_0)
FNDA:0,(anonymous_1)
FNDA:0,(anonymous_2)
FNDA:0,(anonymous_3)
FNDA:0,(anonymous_4)
FNDA:0,(anonymous_5)
DA:1,1
DA:3,1
DA:10,1
DA:11,0
DA:12,0
DA:14,0
DA:15,0
DA:16,0
DA:18,0
DA:22,0
DA:23,0
DA:24,0
DA:26,0
DA:30,0
DA:31,0
DA:32,0
DA:34,0
DA:38,0
DA:39,0
DA:40,0
DA:42,0
DA:46,0
DA:56,1
LF:23
LH:4
BRF:0
BRH:0
end_of_record
TN:
SF:src\pages\error-page.tsx
FN:3,(anonymous_1)
FNF:1
FNH:1
FNDA:1,(anonymous_1)
DA:1,1
DA:3,1
DA:4,1
DA:10,1
LF:4
LH:4
BRF:0
BRH:0
end_of_record
TN:
SF:src\reducers\authReducer.ts
FN:15,(anonymous_0)
FNF:1
FNH:1
FNDA:9,(anonymous_0)
DA:9,3
DA:15,3
DA:16,9
DA:18,0
DA:24,0
DA:29,9
DA:33,3
LF:7
LH:5
BRDA:15,0,0,9
BRDA:16,1,0,0
BRDA:16,1,1,0
BRDA:16,1,2,9
BRF:4
BRH:2
end_of_record
TN:
SF:src\reducers\taskReducer.ts
FN:11,(anonymous_0)
FN:32,(anonymous_1)
FN:37,(anonymous_2)
FNF:3
FNH:1
FNDA:9,(anonymous_0)
FNDA:0,(anonymous_1)
FNDA:0,(anonymous_2)
DA:6,3
DA:11,3
DA:12,9
DA:14,0
DA:19,0
DA:25,0
DA:30,0
DA:32,0
DA:35,0
DA:38,0
DA:42,9
DA:46,3
LF:12
LH:5
BRDA:11,0,0,9
BRDA:12,1,0,0
BRDA:12,1,1,0
BRDA:12,1,2,0
BRDA:12,1,3,0
BRDA:12,1,4,0
BRDA:12,1,5,9
BRDA:38,2,0,0
BRDA:38,2,1,0
BRF:9
BRH:2
end_of_record
TN:
SF:src\services\authService.ts
FN:8,(anonymous_1)
FN:21,(anonymous_2)
FN:37,(anonymous_3)
FNF:3
FNH:0
FNDA:0,(anonymous_1)
FNDA:0,(anonymous_2)
FNDA:0,(anonymous_3)
DA:1,1
DA:8,1
DA:12,0
DA:13,0
DA:14,0
DA:16,0
DA:17,0
DA:21,1
DA:25,0
DA:26,0
DA:30,0
DA:32,0
DA:33,0
DA:37,1
DA:38,0
DA:39,0
DA:41,0
DA:42,0
LF:18
LH:4
BRF:0
BRH:0
end_of_record
TN:
SF:src\services\axiosConfig.ts
FNF:0
FNH:0
DA:1,1
DA:3,1
DA:10,1
LF:3
LH:3
BRF:0
BRH:0
end_of_record
TN:
SF:src\services\taskService.ts
FN:3,(anonymous_1)
FN:13,(anonymous_2)
FN:23,(anonymous_3)
FN:33,(anonymous_4)
FNF:4
FNH:0
FNDA:0,(anonymous_1)
FNDA:0,(anonymous_2)
FNDA:0,(anonymous_3)
FNDA:0,(anonymous_4)
DA:1,1
DA:3,1
DA:4,0
DA:5,0
DA:6,0
DA:8,0
DA:9,0
DA:13,1
DA:14,0
DA:15,0
DA:16,0
DA:18,0
DA:19,0
DA:23,1
DA:24,0
DA:25,0
DA:26,0
DA:28,0
DA:29,0
DA:33,1
DA:34,0
DA:35,0
DA:39,0
DA:41,0
DA:42,0
LF:25
LH:5
BRF:0
BRH:0
end_of_record
TN:
SF:src\store\index.ts
FN:10,(anonymous_1)
FNF:1
FNH:1
FNDA:3,(anonymous_1)
DA:1,3
DA:2,3
DA:3,3
DA:5,3
DA:10,3
DA:16,3
LF:6
LH:6
BRF:0
BRH:0
end_of_record
